appendix_repeat_variance_start seed=7301 config=configs/gate_g1.yaml
method=four fixed G1 two-primitive cells, 16 same-start repeats per cell, realism on/off
[38;5;226m[Genesis] [16:16:39] [WARNING] Manually setting element positions. This is not recommended and could break gradient flow.[0m
[38;5;226m[Genesis] [16:16:39] [WARNING] Manually setting element velocities. This is not recommended and could break gradient flow.[0m
[38;5;226m[Genesis] [16:16:42] [WARNING] Manually setting element positions. This is not recommended and could break gradient flow.[0m
[38;5;226m[Genesis] [16:16:42] [WARNING] Manually setting element velocities. This is not recommended and could break gradient flow.[0m
[38;5;226m[Genesis] [16:16:47] [WARNING] Manually setting element positions. This is not recommended and could break gradient flow.[0m
[38;5;226m[Genesis] [16:16:47] [WARNING] Manually setting element velocities. This is not recommended and could break gradient flow.[0m
[38;5;226m[Genesis] [16:17:05] [WARNING] Manually setting element positions. This is not recommended and could break gradient flow.[0m
[38;5;226m[Genesis] [16:17:05] [WARNING] Manually setting element velocities. This is not recommended and could break gradient flow.[0m
repeat_step realism=on primitive=1/2 wall_s=17.983 grasp_success_rate=0.969 settle_converged_rate=0.969
[38;5;226m[Genesis] [16:17:23] [WARNING] Manually setting element positions. This is not recommended and could break gradient flow.[0m
[38;5;226m[Genesis] [16:17:23] [WARNING] Manually setting element velocities. This is not recommended and could break gradient flow.[0m
repeat_step realism=on primitive=2/2 wall_s=17.785 grasp_success_rate=0.922 settle_converged_rate=0.781
repeat_condition_done realism=on n_envs=64 wall_s=48.384 overall_pairwise_mean=0.0466261
[38;5;226m[Genesis] [16:17:24] [WARNING] Manually setting element positions. This is not recommended and could break gradient flow.[0m
[38;5;226m[Genesis] [16:17:24] [WARNING] Manually setting element velocities. This is not recommended and could break gradient flow.[0m
[38;5;226m[Genesis] [16:17:28] [WARNING] Manually setting element positions. This is not recommended and could break gradient flow.[0m
[38;5;226m[Genesis] [16:17:28] [WARNING] Manually setting element velocities. This is not recommended and could break gradient flow.[0m
[38;5;226m[Genesis] [16:17:33] [WARNING] Manually setting element positions. This is not recommended and could break gradient flow.[0m
[38;5;226m[Genesis] [16:17:33] [WARNING] Manually setting element velocities. This is not recommended and could break gradient flow.[0m
repeat_step realism=off primitive=1/2 wall_s=17.928 grasp_success_rate=1.000 settle_converged_rate=0.750
repeat_step realism=off primitive=2/2 wall_s=17.928 grasp_success_rate=1.000 settle_converged_rate=0.750
repeat_condition_done realism=off n_envs=64 wall_s=45.777 overall_pairwise_mean=2.81661e-06
wrote_metrics outputs/metrics/repeat_variance.json
wrote_plot outputs/plots/repeat_variance.png
appendix_repeat_variance_done wall_s=94.472
