/home/simx2204/Workspaces/DGCC/.venv/lib/python3.12/site-packages/quadrants/_test_tools/warnings_helper.py:11: UserWarning: cannot create weak reference to 'tuple' object. Template mapper caching disabled.
  warnings.warn(message)
[38;5;226m[Genesis] [08:09:16] [WARNING] Manually setting element positions. This is not recommended and could break gradient flow.[0m
[38;5;226m[Genesis] [08:09:16] [WARNING] Manually setting element velocities. This is not recommended and could break gradient flow.[0m
demo_primitive seed=0 config=configs/demo_primitive.yaml
reset init_shape=random_smooth n_vertices=32 length_m=1.0
/home/simx2204/Workspaces/DGCC/.venv/lib/python3.12/site-packages/quadrants/_test_tools/warnings_helper.py:11: UserWarning: cannot create weak reference to 'numpy.int32' object. Template mapper caching disabled.
  warnings.warn(message)
primitive 00 p=25 p_actual=26 grasp_success=True settle_steps=5000 wall_time_s=14.815238 lift=high delta=[-0.004240824745797126, 0.020558820895034195, 0.0]
primitive 01 p=6 p_actual=6 grasp_success=False settle_steps=0 wall_time_s=0.000269 lift=high delta=[0.01704015361827773, 0.06145095400383968, 0.0]
primitive 02 p=19 p_actual=18 grasp_success=True settle_steps=1861 wall_time_s=5.595071 lift=high delta=[-0.018089140749848222, -0.008909679293891049, 0.0]
primitive 03 p=13 p_actual=12 grasp_success=True settle_steps=5000 wall_time_s=15.125117 lift=high delta=[-0.005282118588959557, -0.03007906817100028, 0.0]
primitive 04 p=4 p_actual=4 grasp_success=True settle_steps=3788 wall_time_s=11.757837 lift=high delta=[-0.027638633636004488, 0.0359687004863781, 0.0]
primitive 05 p=13 p_actual=13 grasp_success=True settle_steps=5000 wall_time_s=15.544102 lift=low delta=[0.05289670342444694, -0.025750125137841213, 0.0]
primitive 06 p=9 p_actual=9 grasp_success=True settle_steps=3915 wall_time_s=11.795715 lift=high delta=[0.009891498581958036, -0.07822723139238848, 0.0]
primitive 07 p=12 p_actual=13 grasp_success=False settle_steps=0 wall_time_s=0.000269 lift=high delta=[0.00923424507675058, -0.042340000967408094, 0.0]
primitive 08 p=26 p_actual=26 grasp_success=False settle_steps=0 wall_time_s=0.000228 lift=low delta=[0.035890969324457345, 0.014244960482696127, 0.0]
primitive 09 p=13 p_actual=14 grasp_success=True settle_steps=1273 wall_time_s=3.946554 lift=low delta=[-0.006763983551075865, 0.04091234103127857, 0.0]
trajectory_png=outputs/plots/demo_primitive_trajectory.png
meta_json=outputs/metrics/demo_primitive_meta.json
DEMO_PRIMITIVE PASS
