p1_random_reference start 2026-07-03T13:16:13Z seed=0 n_envs=100
[38;5;226m[Genesis] [22:16:17] [WARNING] Manually setting element positions. This is not recommended and could break gradient flow.[0m
[38;5;226m[Genesis] [22:16:17] [WARNING] Manually setting element velocities. This is not recommended and could break gradient flow.[0m
[38;5;226m[Genesis] [22:16:21] [WARNING] Manually setting element positions. This is not recommended and could break gradient flow.[0m
[38;5;226m[Genesis] [22:16:21] [WARNING] Manually setting element velocities. This is not recommended and could break gradient flow.[0m
[38;5;226m[Genesis] [22:17:31] [WARNING] Manually setting element positions. This is not recommended and could break gradient flow.[0m
[38;5;226m[Genesis] [22:17:31] [WARNING] Manually setting element velocities. This is not recommended and could break gradient flow.[0m
[38;5;226m[Genesis] [22:18:07] [WARNING] Manually setting element positions. This is not recommended and could break gradient flow.[0m
[38;5;226m[Genesis] [22:18:07] [WARNING] Manually setting element velocities. This is not recommended and could break gradient flow.[0m
[38;5;226m[Genesis] [22:18:44] [WARNING] Manually setting element positions. This is not recommended and could break gradient flow.[0m
[38;5;226m[Genesis] [22:18:44] [WARNING] Manually setting element velocities. This is not recommended and could break gradient flow.[0m
[38;5;226m[Genesis] [22:19:21] [WARNING] Manually setting element positions. This is not recommended and could break gradient flow.[0m
[38;5;226m[Genesis] [22:19:21] [WARNING] Manually setting element velocities. This is not recommended and could break gradient flow.[0m
[38;5;226m[Genesis] [22:19:57] [WARNING] Manually setting element positions. This is not recommended and could break gradient flow.[0m
[38;5;226m[Genesis] [22:19:57] [WARNING] Manually setting element velocities. This is not recommended and could break gradient flow.[0m
[38;5;226m[Genesis] [22:20:33] [WARNING] Manually setting element positions. This is not recommended and could break gradient flow.[0m
[38;5;226m[Genesis] [22:20:33] [WARNING] Manually setting element velocities. This is not recommended and could break gradient flow.[0m
[38;5;226m[Genesis] [22:21:09] [WARNING] Manually setting element positions. This is not recommended and could break gradient flow.[0m
[38;5;226m[Genesis] [22:21:09] [WARNING] Manually setting element velocities. This is not recommended and could break gradient flow.[0m
[38;5;226m[Genesis] [22:21:45] [WARNING] Manually setting element positions. This is not recommended and could break gradient flow.[0m
[38;5;226m[Genesis] [22:21:45] [WARNING] Manually setting element velocities. This is not recommended and could break gradient flow.[0m
[38;5;226m[Genesis] [22:22:21] [WARNING] Manually setting element positions. This is not recommended and could break gradient flow.[0m
[38;5;226m[Genesis] [22:22:22] [WARNING] Manually setting element velocities. This is not recommended and could break gradient flow.[0m
[38;5;226m[Genesis] [22:22:58] [WARNING] Manually setting element positions. This is not recommended and could break gradient flow.[0m
[38;5;226m[Genesis] [22:22:58] [WARNING] Manually setting element velocities. This is not recommended and could break gradient flow.[0m
t1a_straighten: episodes=100 success=0.040 return=-5.357 final_d=0.5859 wall_s=397 per_template={'random_smooth': 0.12, 's_curve': 0.0, 'straight': 0.04, 'u_bend': 0.0}
[38;5;226m[Genesis] [22:22:58] [WARNING] Manually setting element positions. This is not recommended and could break gradient flow.[0m
[38;5;226m[Genesis] [22:22:58] [WARNING] Manually setting element velocities. This is not recommended and could break gradient flow.[0m
[38;5;226m[Genesis] [22:24:10] [WARNING] Manually setting element positions. This is not recommended and could break gradient flow.[0m
[38;5;226m[Genesis] [22:24:10] [WARNING] Manually setting element velocities. This is not recommended and could break gradient flow.[0m
[38;5;226m[Genesis] [22:24:46] [WARNING] Manually setting element positions. This is not recommended and could break gradient flow.[0m
[38;5;226m[Genesis] [22:24:46] [WARNING] Manually setting element velocities. This is not recommended and could break gradient flow.[0m
[38;5;226m[Genesis] [22:25:23] [WARNING] Manually setting element positions. This is not recommended and could break gradient flow.[0m
[38;5;226m[Genesis] [22:25:23] [WARNING] Manually setting element velocities. This is not recommended and could break gradient flow.[0m
[38;5;226m[Genesis] [22:25:59] [WARNING] Manually setting element positions. This is not recommended and could break gradient flow.[0m
[38;5;226m[Genesis] [22:25:59] [WARNING] Manually setting element velocities. This is not recommended and could break gradient flow.[0m
[38;5;226m[Genesis] [22:26:35] [WARNING] Manually setting element positions. This is not recommended and could break gradient flow.[0m
[38;5;226m[Genesis] [22:26:35] [WARNING] Manually setting element velocities. This is not recommended and could break gradient flow.[0m
[38;5;226m[Genesis] [22:27:12] [WARNING] Manually setting element positions. This is not recommended and could break gradient flow.[0m
[38;5;226m[Genesis] [22:27:12] [WARNING] Manually setting element velocities. This is not recommended and could break gradient flow.[0m
[38;5;226m[Genesis] [22:27:48] [WARNING] Manually setting element positions. This is not recommended and could break gradient flow.[0m
[38;5;226m[Genesis] [22:27:48] [WARNING] Manually setting element velocities. This is not recommended and could break gradient flow.[0m
[38;5;226m[Genesis] [22:28:24] [WARNING] Manually setting element positions. This is not recommended and could break gradient flow.[0m
[38;5;226m[Genesis] [22:28:24] [WARNING] Manually setting element velocities. This is not recommended and could break gradient flow.[0m
[38;5;226m[Genesis] [22:29:01] [WARNING] Manually setting element positions. This is not recommended and could break gradient flow.[0m
[38;5;226m[Genesis] [22:29:01] [WARNING] Manually setting element velocities. This is not recommended and could break gradient flow.[0m
[38;5;226m[Genesis] [22:29:37] [WARNING] Manually setting element positions. This is not recommended and could break gradient flow.[0m
[38;5;226m[Genesis] [22:29:37] [WARNING] Manually setting element velocities. This is not recommended and could break gradient flow.[0m
t1b_single_bend: episodes=100 success=0.000 return=-4.057 final_d=0.5260 wall_s=399 per_template={'random_smooth': 0.0, 's_curve': 0.0, 'straight': 0.0, 'u_bend': 0.0}
[38;5;226m[Genesis] [22:29:37] [WARNING] Manually setting element positions. This is not recommended and could break gradient flow.[0m
[38;5;226m[Genesis] [22:29:37] [WARNING] Manually setting element velocities. This is not recommended and could break gradient flow.[0m
[38;5;226m[Genesis] [22:30:49] [WARNING] Manually setting element positions. This is not recommended and could break gradient flow.[0m
[38;5;226m[Genesis] [22:30:49] [WARNING] Manually setting element velocities. This is not recommended and could break gradient flow.[0m
[38;5;226m[Genesis] [22:31:25] [WARNING] Manually setting element positions. This is not recommended and could break gradient flow.[0m
[38;5;226m[Genesis] [22:31:25] [WARNING] Manually setting element velocities. This is not recommended and could break gradient flow.[0m
[38;5;226m[Genesis] [22:32:02] [WARNING] Manually setting element positions. This is not recommended and could break gradient flow.[0m
[38;5;226m[Genesis] [22:32:02] [WARNING] Manually setting element velocities. This is not recommended and could break gradient flow.[0m
[38;5;226m[Genesis] [22:32:38] [WARNING] Manually setting element positions. This is not recommended and could break gradient flow.[0m
[38;5;226m[Genesis] [22:32:38] [WARNING] Manually setting element velocities. This is not recommended and could break gradient flow.[0m
[38;5;226m[Genesis] [22:33:14] [WARNING] Manually setting element positions. This is not recommended and could break gradient flow.[0m
[38;5;226m[Genesis] [22:33:14] [WARNING] Manually setting element velocities. This is not recommended and could break gradient flow.[0m
[38;5;226m[Genesis] [22:33:51] [WARNING] Manually setting element positions. This is not recommended and could break gradient flow.[0m
[38;5;226m[Genesis] [22:33:51] [WARNING] Manually setting element velocities. This is not recommended and could break gradient flow.[0m
[38;5;226m[Genesis] [22:34:27] [WARNING] Manually setting element positions. This is not recommended and could break gradient flow.[0m
[38;5;226m[Genesis] [22:34:27] [WARNING] Manually setting element velocities. This is not recommended and could break gradient flow.[0m
[38;5;226m[Genesis] [22:35:03] [WARNING] Manually setting element positions. This is not recommended and could break gradient flow.[0m
[38;5;226m[Genesis] [22:35:03] [WARNING] Manually setting element velocities. This is not recommended and could break gradient flow.[0m
[38;5;226m[Genesis] [22:35:39] [WARNING] Manually setting element positions. This is not recommended and could break gradient flow.[0m
[38;5;226m[Genesis] [22:35:39] [WARNING] Manually setting element velocities. This is not recommended and could break gradient flow.[0m
[38;5;226m[Genesis] [22:36:16] [WARNING] Manually setting element positions. This is not recommended and could break gradient flow.[0m
[38;5;226m[Genesis] [22:36:16] [WARNING] Manually setting element velocities. This is not recommended and could break gradient flow.[0m
t1c_endpoint_reposition: episodes=100 success=0.000 return=-3.169 final_d=0.5161 wall_s=399 per_template={'random_smooth': 0.0, 's_curve': 0.0, 'straight': 0.0, 'u_bend': 0.0}
[38;5;226m[Genesis] [22:36:16] [WARNING] Manually setting element positions. This is not recommended and could break gradient flow.[0m
[38;5;226m[Genesis] [22:36:16] [WARNING] Manually setting element velocities. This is not recommended and could break gradient flow.[0m
[38;5;226m[Genesis] [22:36:52] [WARNING] Manually setting element positions. This is not recommended and could break gradient flow.[0m
[38;5;226m[Genesis] [22:36:52] [WARNING] Manually setting element velocities. This is not recommended and could break gradient flow.[0m
[38;5;226m[Genesis] [22:38:04] [WARNING] Manually setting element positions. This is not recommended and could break gradient flow.[0m
[38;5;226m[Genesis] [22:38:04] [WARNING] Manually setting element velocities. This is not recommended and could break gradient flow.[0m
[38;5;226m[Genesis] [22:38:40] [WARNING] Manually setting element positions. This is not recommended and could break gradient flow.[0m
[38;5;226m[Genesis] [22:38:40] [WARNING] Manually setting element velocities. This is not recommended and could break gradient flow.[0m
[38;5;226m[Genesis] [22:39:17] [WARNING] Manually setting element positions. This is not recommended and could break gradient flow.[0m
[38;5;226m[Genesis] [22:39:17] [WARNING] Manually setting element velocities. This is not recommended and could break gradient flow.[0m
[38;5;226m[Genesis] [22:39:53] [WARNING] Manually setting element positions. This is not recommended and could break gradient flow.[0m
[38;5;226m[Genesis] [22:39:53] [WARNING] Manually setting element velocities. This is not recommended and could break gradient flow.[0m
[38;5;226m[Genesis] [22:40:29] [WARNING] Manually setting element positions. This is not recommended and could break gradient flow.[0m
[38;5;226m[Genesis] [22:40:29] [WARNING] Manually setting element velocities. This is not recommended and could break gradient flow.[0m
[38;5;226m[Genesis] [22:41:05] [WARNING] Manually setting element positions. This is not recommended and could break gradient flow.[0m
[38;5;226m[Genesis] [22:41:05] [WARNING] Manually setting element velocities. This is not recommended and could break gradient flow.[0m
[38;5;226m[Genesis] [22:41:42] [WARNING] Manually setting element positions. This is not recommended and could break gradient flow.[0m
[38;5;226m[Genesis] [22:41:42] [WARNING] Manually setting element velocities. This is not recommended and could break gradient flow.[0m
[38;5;226m[Genesis] [22:42:18] [WARNING] Manually setting element positions. This is not recommended and could break gradient flow.[0m
[38;5;226m[Genesis] [22:42:18] [WARNING] Manually setting element velocities. This is not recommended and could break gradient flow.[0m
[38;5;226m[Genesis] [22:42:54] [WARNING] Manually setting element positions. This is not recommended and could break gradient flow.[0m
[38;5;226m[Genesis] [22:42:54] [WARNING] Manually setting element velocities. This is not recommended and could break gradient flow.[0m
[38;5;226m[Genesis] [22:43:30] [WARNING] Manually setting element positions. This is not recommended and could break gradient flow.[0m
[38;5;226m[Genesis] [22:43:30] [WARNING] Manually setting element velocities. This is not recommended and could break gradient flow.[0m
t2_val: episodes=100 success=0.000 return=-3.388 final_d=1.0098 wall_s=435
nan_incidents_last_scene=1 rebuilds=0
wrote outputs/metrics/p1_random_reference.json
