p1_throughput_probe start 2026-07-09T23:02:17Z seed=0
probe n_envs=2048 start 2026-07-09T23:02:17Z
[I 07/10/26 08:02:18.041 62502] [shell.py:_shell_pop_print@25] Graphical python shell detected, using wrapped sys.stdout
[W 07/10/26 08:02:20.736 62502] QuadrantsWarning
While compiling `_kernel_add_rods_c968_0`, File "/home/simx2204/Workspaces/DGCC/external/DLO-Lab/genesis/engine/solvers/rod_solver.py", line 1463, in _kernel_add_rods:
            self.rods_stretching_stiffness[rod_idx, i_b] = stretching_stiffness
            ^^^^^^^^^^^^^^^^^^^^^^^^^^^^^^^^^^^^^^^^^^^^^^^^^^^^^^^^^^^^^^^^^^^
Assign may lose precision: f32 <- f64
[W 07/10/26 08:02:20.736 62502] QuadrantsWarning
While compiling `_kernel_add_rods_c968_0`, File "/home/simx2204/Workspaces/DGCC/external/DLO-Lab/genesis/engine/solvers/rod_solver.py", line 1464, in _kernel_add_rods:
            self.rods_bending_stiffness[rod_idx, i_b] = bending_stiffness
            ^^^^^^^^^^^^^^^^^^^^^^^^^^^^^^^^^^^^^^^^^^^^^^^^^^^^^^^^^^^^^
Assign may lose precision: f32 <- f64
[W 07/10/26 08:02:20.736 62502] QuadrantsWarning
While compiling `_kernel_add_rods_c968_0`, File "/home/simx2204/Workspaces/DGCC/external/DLO-Lab/genesis/engine/solvers/rod_solver.py", line 1465, in _kernel_add_rods:
            self.rods_twisting_stiffness[rod_idx, i_b] = twisting_stiffness
            ^^^^^^^^^^^^^^^^^^^^^^^^^^^^^^^^^^^^^^^^^^^^^^^^^^^^^^^^^^^^^^^
Assign may lose precision: f32 <- f64
[W 07/10/26 08:02:20.736 62502] QuadrantsWarning
While compiling `_kernel_add_rods_c968_0`, File "/home/simx2204/Workspaces/DGCC/external/DLO-Lab/genesis/engine/solvers/rod_solver.py", line 1466, in _kernel_add_rods:
            self.rods_param[rod_idx, i_b].plastic_yield = plastic_yield
            ^^^^^^^^^^^^^^^^^^^^^^^^^^^^^^^^^^^^^^^^^^^^^^^^^^^^^^^^^^^
Assign may lose precision: f32 <- f64
[W 07/10/26 08:02:20.736 62502] QuadrantsWarning
While compiling `_kernel_add_rods_c968_0`, File "/home/simx2204/Workspaces/DGCC/external/DLO-Lab/genesis/engine/solvers/rod_solver.py", line 1467, in _kernel_add_rods:
            self.rods_param[rod_idx, i_b].plastic_creep = plastic_creep
            ^^^^^^^^^^^^^^^^^^^^^^^^^^^^^^^^^^^^^^^^^^^^^^^^^^^^^^^^^^^
Assign may lose precision: f32 <- f64
[W 07/10/26 08:02:20.736 62502] QuadrantsWarning
While compiling `_kernel_add_rods_c968_0`, File "/home/simx2204/Workspaces/DGCC/external/DLO-Lab/genesis/engine/solvers/rod_solver.py", line 1500, in _kernel_add_rods:
                edge_idx = qm.mod(i_iv - 1, n_internal_verts) + e_start
                ^^^^^^^^^^^^^^^^^^^^^^^^^^^^^^^^^^^^^^^^^^^^^^^^^^^^^^^
Assign may lose precision: i32 <- f32
[W 07/10/26 08:02:20.909 62502] QuadrantsWarning
While compiling `_kernel_finalize_rest_states_c970_0`, File "/home/simx2204/Workspaces/DGCC/external/DLO-Lab/genesis/engine/solvers/rod_solver.py", line 1527, in _kernel_finalize_rest_states:
            self.vertices_param[i_global, i_b].mass = segment_mass
            ^^^^^^^^^^^^^^^^^^^^^^^^^^^^^^^^^^^^^^^^^^^^^^^^^^^^^^
Assign may lose precision: f32 <- f64
[W 07/10/26 08:02:20.909 62502] QuadrantsWarning
While compiling `_kernel_finalize_rest_states_c970_0`, File "/home/simx2204/Workspaces/DGCC/external/DLO-Lab/genesis/engine/solvers/rod_solver.py", line 1528, in _kernel_finalize_rest_states:
            self.vertices_param[i_global, i_b].radius = segment_radius
            ^^^^^^^^^^^^^^^^^^^^^^^^^^^^^^^^^^^^^^^^^^^^^^^^^^^^^^^^^^
Assign may lose precision: f32 <- f64
[W 07/10/26 08:02:20.909 62502] QuadrantsWarning
While compiling `_kernel_finalize_rest_states_c970_0`, File "/home/simx2204/Workspaces/DGCC/external/DLO-Lab/genesis/engine/solvers/rod_solver.py", line 1529, in _kernel_finalize_rest_states:
            self.vertices_param[i_global, i_b].mu_s = static_friction
            ^^^^^^^^^^^^^^^^^^^^^^^^^^^^^^^^^^^^^^^^^^^^^^^^^^^^^^^^^
Assign may lose precision: f32 <- f64
[W 07/10/26 08:02:20.909 62502] QuadrantsWarning
While compiling `_kernel_finalize_rest_states_c970_0`, File "/home/simx2204/Workspaces/DGCC/external/DLO-Lab/genesis/engine/solvers/rod_solver.py", line 1530, in _kernel_finalize_rest_states:
            self.vertices_param[i_global, i_b].mu_k = kinetic_friction
            ^^^^^^^^^^^^^^^^^^^^^^^^^^^^^^^^^^^^^^^^^^^^^^^^^^^^^^^^^^
Assign may lose precision: f32 <- f64
[W 07/10/26 08:02:20.909 62502] QuadrantsWarning
While compiling `_kernel_finalize_rest_states_c970_0`, File "/home/simx2204/Workspaces/DGCC/external/DLO-Lab/genesis/engine/solvers/rod_solver.py", line 1531, in _kernel_finalize_rest_states:
            self.vertices_param[i_global, i_b].restitution = restitution
            ^^^^^^^^^^^^^^^^^^^^^^^^^^^^^^^^^^^^^^^^^^^^^^^^^^^^^^^^^^^^
Assign may lose precision: f32 <- f64
/home/simx2204/Workspaces/DGCC/.venv/lib/python3.12/site-packages/quadrants/_test_tools/warnings_helper.py:11: UserWarning: cannot create weak reference to 'tuple' object. Template mapper caching disabled.
  warnings.warn(message)
[38;5;226m[Genesis] [08:02:29] [WARNING] Manually setting element positions. This is not recommended and could break gradient flow.[0m
[38;5;226m[Genesis] [08:02:29] [WARNING] Manually setting element velocities. This is not recommended and could break gradient flow.[0m
[38;5;226m[Genesis] [08:02:33] [WARNING] Manually setting element positions. This is not recommended and could break gradient flow.[0m
[38;5;226m[Genesis] [08:02:33] [WARNING] Manually setting element velocities. This is not recommended and could break gradient flow.[0m
/home/simx2204/Workspaces/DGCC/.venv/lib/python3.12/site-packages/quadrants/_test_tools/warnings_helper.py:11: UserWarning: cannot create weak reference to 'numpy.int32' object. Template mapper caching disabled.
  warnings.warn(message)
[38;5;226m[Genesis] [08:04:03] [WARNING] Manually setting element positions. This is not recommended and could break gradient flow.[0m
[38;5;226m[Genesis] [08:04:03] [WARNING] Manually setting element velocities. This is not recommended and could break gradient flow.[0m
[38;5;226m[Genesis] [08:04:48] [WARNING] Manually setting element positions. This is not recommended and could break gradient flow.[0m
[38;5;226m[Genesis] [08:04:48] [WARNING] Manually setting element velocities. This is not recommended and could break gradient flow.[0m
[38;5;226m[Genesis] [08:05:34] [WARNING] Manually setting element positions. This is not recommended and could break gradient flow.[0m
[38;5;226m[Genesis] [08:05:34] [WARNING] Manually setting element velocities. This is not recommended and could break gradient flow.[0m
[38;5;226m[Genesis] [08:06:19] [WARNING] Manually setting element positions. This is not recommended and could break gradient flow.[0m
[38;5;226m[Genesis] [08:06:19] [WARNING] Manually setting element velocities. This is not recommended and could break gradient flow.[0m
[38;5;226m[Genesis] [08:07:04] [WARNING] Manually setting element positions. This is not recommended and could break gradient flow.[0m
[38;5;226m[Genesis] [08:07:04] [WARNING] Manually setting element velocities. This is not recommended and could break gradient flow.[0m
[38;5;226m[Genesis] [08:07:50] [WARNING] Manually setting element positions. This is not recommended and could break gradient flow.[0m
[38;5;226m[Genesis] [08:07:50] [WARNING] Manually setting element velocities. This is not recommended and could break gradient flow.[0m
[38;5;226m[Genesis] [08:07:50] [WARNING] Manually setting element positions. This is not recommended and could break gradient flow.[0m
[38;5;226m[Genesis] [08:07:50] [WARNING] Manually setting element velocities. This is not recommended and could break gradient flow.[0m
[38;5;226m[Genesis] [08:09:19] [WARNING] Manually setting element positions. This is not recommended and could break gradient flow.[0m
[38;5;226m[Genesis] [08:09:20] [WARNING] Manually setting element velocities. This is not recommended and could break gradient flow.[0m
probe n_envs=2048 transitions_per_s=38.814 mean_s_per_round=52.76 grasp_success_rate=0.950 settle_convergence_rate=0.930
recommended n_envs=2048 transitions_per_s=38.814
wrote outputs/metrics/p1_throughput_m4x_2048.json and outputs/reports/p1_throughput_m4x_2048.md
