p1_throughput_probe start 2026-07-06T17:56:29Z seed=0
probe n_envs=512 start 2026-07-06T17:56:29Z
[38;5;226m[Genesis] [02:56:41] [WARNING] Manually setting element positions. This is not recommended and could break gradient flow.[0m
[38;5;226m[Genesis] [02:56:41] [WARNING] Manually setting element velocities. This is not recommended and could break gradient flow.[0m
[38;5;226m[Genesis] [02:56:45] [WARNING] Manually setting element positions. This is not recommended and could break gradient flow.[0m
[38;5;226m[Genesis] [02:56:45] [WARNING] Manually setting element velocities. This is not recommended and could break gradient flow.[0m
[38;5;226m[Genesis] [02:57:47] [WARNING] Manually setting element positions. This is not recommended and could break gradient flow.[0m
[38;5;226m[Genesis] [02:57:47] [WARNING] Manually setting element velocities. This is not recommended and could break gradient flow.[0m
[38;5;226m[Genesis] [02:58:25] [WARNING] Manually setting element positions. This is not recommended and could break gradient flow.[0m
[38;5;226m[Genesis] [02:58:25] [WARNING] Manually setting element velocities. This is not recommended and could break gradient flow.[0m
[38;5;226m[Genesis] [02:59:02] [WARNING] Manually setting element positions. This is not recommended and could break gradient flow.[0m
[38;5;226m[Genesis] [02:59:02] [WARNING] Manually setting element velocities. This is not recommended and could break gradient flow.[0m
[38;5;226m[Genesis] [02:59:40] [WARNING] Manually setting element positions. This is not recommended and could break gradient flow.[0m
[38;5;226m[Genesis] [02:59:40] [WARNING] Manually setting element velocities. This is not recommended and could break gradient flow.[0m
[38;5;226m[Genesis] [03:00:18] [WARNING] Manually setting element positions. This is not recommended and could break gradient flow.[0m
[38;5;226m[Genesis] [03:00:18] [WARNING] Manually setting element velocities. This is not recommended and could break gradient flow.[0m
[38;5;226m[Genesis] [03:00:55] [WARNING] Manually setting element positions. This is not recommended and could break gradient flow.[0m
[38;5;226m[Genesis] [03:00:55] [WARNING] Manually setting element velocities. This is not recommended and could break gradient flow.[0m
[38;5;226m[Genesis] [03:01:33] [WARNING] Manually setting element positions. This is not recommended and could break gradient flow.[0m
[38;5;226m[Genesis] [03:01:33] [WARNING] Manually setting element velocities. This is not recommended and could break gradient flow.[0m
probe n_envs=512 transitions_per_s=13.612 mean_s_per_round=37.61 grasp_success_rate=0.951 settle_convergence_rate=0.926
probe n_envs=1024 start 2026-07-06T18:01:33Z
[38;5;226m[Genesis] [03:01:37] [WARNING] Manually setting element positions. This is not recommended and could break gradient flow.[0m
[38;5;226m[Genesis] [03:01:37] [WARNING] Manually setting element velocities. This is not recommended and could break gradient flow.[0m
[38;5;226m[Genesis] [03:01:41] [WARNING] Manually setting element positions. This is not recommended and could break gradient flow.[0m
[38;5;226m[Genesis] [03:01:41] [WARNING] Manually setting element velocities. This is not recommended and could break gradient flow.[0m
[38;5;226m[Genesis] [03:02:57] [WARNING] Manually setting element positions. This is not recommended and could break gradient flow.[0m
[38;5;226m[Genesis] [03:02:57] [WARNING] Manually setting element velocities. This is not recommended and could break gradient flow.[0m
[38;5;226m[Genesis] [03:03:37] [WARNING] Manually setting element positions. This is not recommended and could break gradient flow.[0m
[38;5;226m[Genesis] [03:03:37] [WARNING] Manually setting element velocities. This is not recommended and could break gradient flow.[0m
[38;5;226m[Genesis] [03:04:17] [WARNING] Manually setting element positions. This is not recommended and could break gradient flow.[0m
[38;5;226m[Genesis] [03:04:17] [WARNING] Manually setting element velocities. This is not recommended and could break gradient flow.[0m
[38;5;226m[Genesis] [03:04:57] [WARNING] Manually setting element positions. This is not recommended and could break gradient flow.[0m
[38;5;226m[Genesis] [03:04:57] [WARNING] Manually setting element velocities. This is not recommended and could break gradient flow.[0m
[38;5;226m[Genesis] [03:05:37] [WARNING] Manually setting element positions. This is not recommended and could break gradient flow.[0m
[38;5;226m[Genesis] [03:05:37] [WARNING] Manually setting element velocities. This is not recommended and could break gradient flow.[0m
[38;5;226m[Genesis] [03:06:18] [WARNING] Manually setting element positions. This is not recommended and could break gradient flow.[0m
[38;5;226m[Genesis] [03:06:18] [WARNING] Manually setting element velocities. This is not recommended and could break gradient flow.[0m
[38;5;226m[Genesis] [03:06:58] [WARNING] Manually setting element positions. This is not recommended and could break gradient flow.[0m
[38;5;226m[Genesis] [03:06:58] [WARNING] Manually setting element velocities. This is not recommended and could break gradient flow.[0m
[38;5;226m[Genesis] [03:06:58] [WARNING] Manually setting element positions. This is not recommended and could break gradient flow.[0m
[38;5;226m[Genesis] [03:06:58] [WARNING] Manually setting element velocities. This is not recommended and could break gradient flow.[0m
probe n_envs=1024 transitions_per_s=21.870 mean_s_per_round=46.82 grasp_success_rate=0.950 settle_convergence_rate=0.926
recommended n_envs=1024 transitions_per_s=21.870
wrote outputs/metrics/p1_throughput_m4.json and outputs/reports/p1_throughput_m4.md
hing disabled.
  warnings.warn(message)
[38;5;226m[Genesis] [02:57:47] [WARNING] Manually setting element positions. This is not recommended and could break gradient flow.[0m
[38;5;226m[Genesis] [02:57:47] [WARNING] Manually setting element velocities. This is not recommended and could break gradient flow.[0m
[38;5;226m[Genesis] [02:58:25] [WARNING] Manually setting element positions. This is not recommended and could break gradient flow.[0m
[38;5;226m[Genesis] [02:58:25] [WARNING] Manually setting element velocities. This is not recommended and could break gradient flow.[0m
[38;5;226m[Genesis] [02:59:02] [WARNING] Manually setting element positions. This is not recommended and could break gradient flow.[0m
[38;5;226m[Genesis] [02:59:02] [WARNING] Manually setting element velocities. This is not recommended and could break gradient flow.[0m
[38;5;226m[Genesis] [02:59:40] [WARNING] Manually setting element positions. This is not recommended and could break gradient flow.[0m
[38;5;226m[Genesis] [02:59:40] [WARNING] Manually setting element velocities. This is not recommended and could break gradient flow.[0m
[38;5;226m[Genesis] [03:00:18] [WARNING] Manually setting element positions. This is not recommended and could break gradient flow.[0m
[38;5;226m[Genesis] [03:00:18] [WARNING] Manually setting element velocities. This is not recommended and could break gradient flow.[0m
[38;5;226m[Genesis] [03:00:55] [WARNING] Manually setting element positions. This is not recommended and could break gradient flow.[0m
[38;5;226m[Genesis] [03:00:55] [WARNING] Manually setting element velocities. This is not recommended and could break gradient flow.[0m
[38;5;226m[Genesis] [03:01:33] [WARNING] Manually setting element positions. This is not recommended and could break gradient flow.[0m
[38;5;226m[Genesis] [03:01:33] [WARNING] Manually setting element velocities. This is not recommended and could break gradient flow.[0m
probe n_envs=512 transitions_per_s=13.612 mean_s_per_round=37.61 grasp_success_rate=0.951 settle_convergence_rate=0.926
probe n_envs=1024 start 2026-07-06T18:01:33Z
[W 07/07/26 03:01:33.931 4149913] QuadrantsWarning
While compiling `_kernel_add_rods_c968_1`, File "/home/simx2204/Workspaces/DGCC/external/DLO-Lab/genesis/engine/solvers/rod_solver.py", line 1463, in _kernel_add_rods:
            self.rods_stretching_stiffness[rod_idx, i_b] = stretching_stiffness
            ^^^^^^^^^^^^^^^^^^^^^^^^^^^^^^^^^^^^^^^^^^^^^^^^^^^^^^^^^^^^^^^^^^^
Assign may lose precision: f32 <- f64
[W 07/07/26 03:01:33.931 4149913] QuadrantsWarning
While compiling `_kernel_add_rods_c968_1`, File "/home/simx2204/Workspaces/DGCC/external/DLO-Lab/genesis/engine/solvers/rod_solver.py", line 1464, in _kernel_add_rods:
            self.rods_bending_stiffness[rod_idx, i_b] = bending_stiffness
            ^^^^^^^^^^^^^^^^^^^^^^^^^^^^^^^^^^^^^^^^^^^^^^^^^^^^^^^^^^^^^
Assign may lose precision: f32 <- f64
[W 07/07/26 03:01:33.931 4149913] QuadrantsWarning
While compiling `_kernel_add_rods_c968_1`, File "/home/simx2204/Workspaces/DGCC/external/DLO-Lab/genesis/engine/solvers/rod_solver.py", line 1465, in _kernel_add_rods:
            self.rods_twisting_stiffness[rod_idx, i_b] = twisting_stiffness
            ^^^^^^^^^^^^^^^^^^^^^^^^^^^^^^^^^^^^^^^^^^^^^^^^^^^^^^^^^^^^^^^
Assign may lose precision: f32 <- f64
[W 07/07/26 03:01:33.931 4149913] QuadrantsWarning
While compiling `_kernel_add_rods_c968_1`, File "/home/simx2204/Workspaces/DGCC/external/DLO-Lab/genesis/engine/solvers/rod_solver.py", line 1466, in _kernel_add_rods:
            self.rods_param[rod_idx, i_b].plastic_yield = plastic_yield
            ^^^^^^^^^^^^^^^^^^^^^^^^^^^^^^^^^^^^^^^^^^^^^^^^^^^^^^^^^^^
Assign may lose precision: f32 <- f64
[W 07/07/26 03:01:33.931 4149913] QuadrantsWarning
While compiling `_kernel_add_rods_c968_1`, File "/home/simx2204/Workspaces/DGCC/external/DLO-Lab/genesis/engine/solvers/rod_solver.py", line 1467, in _kernel_add_rods:
            self.rods_param[rod_idx, i_b].plastic_creep = plastic_creep
            ^^^^^^^^^^^^^^^^^^^^^^^^^^^^^^^^^^^^^^^^^^^^^^^^^^^^^^^^^^^
Assign may lose precision: f32 <- f64
[W 07/07/26 03:01:33.931 4149913] QuadrantsWarning
While compiling `_kernel_add_rods_c968_1`, File "/home/simx2204/Workspaces/DGCC/external/DLO-Lab/genesis/engine/solvers/rod_solver.py", line 1500, in _kernel_add_rods:
                edge_idx = qm.mod(i_iv - 1, n_internal_verts) + e_start
                ^^^^^^^^^^^^^^^^^^^^^^^^^^^^^^^^^^^^^^^^^^^^^^^^^^^^^^^
Assign may lose precision: i32 <- f32
[W 07/07/26 03:01:34.099 4149913] QuadrantsWarning
While compiling `_kernel_finalize_rest_states_c970_1`, File "/home/simx2204/Workspaces/DGCC/external/DLO-Lab/genesis/engine/solvers/rod_solver.py", line 1527, in _kernel_finalize_rest_states:
            self.vertices_param[i_global, i_b].mass = segment_mass
            ^^^^^^^^^^^^^^^^^^^^^^^^^^^^^^^^^^^^^^^^^^^^^^^^^^^^^^
Assign may lose precision: f32 <- f64
[W 07/07/26 03:01:34.099 4149913] QuadrantsWarning
While compiling `_kernel_finalize_rest_states_c970_1`, File "/home/simx2204/Workspaces/DGCC/external/DLO-Lab/genesis/engine/solvers/rod_solver.py", line 1528, in _kernel_finalize_rest_states:
            self.vertices_param[i_global, i_b].radius = segment_radius
            ^^^^^^^^^^^^^^^^^^^^^^^^^^^^^^^^^^^^^^^^^^^^^^^^^^^^^^^^^^
Assign may lose precision: f32 <- f64
[W 07/07/26 03:01:34.099 4149913] QuadrantsWarning
While compiling `_kernel_finalize_rest_states_c970_1`, File "/home/simx2204/Workspaces/DGCC/external/DLO-Lab/genesis/engine/solvers/rod_solver.py", line 1529, in _kernel_finalize_rest_states:
            self.vertices_param[i_global, i_b].mu_s = static_friction
            ^^^^^^^^^^^^^^^^^^^^^^^^^^^^^^^^^^^^^^^^^^^^^^^^^^^^^^^^^
Assign may lose precision: f32 <- f64
[W 07/07/26 03:01:34.099 4149913] QuadrantsWarning
While compiling `_kernel_finalize_rest_states_c970_1`, File "/home/simx2204/Workspaces/DGCC/external/DLO-Lab/genesis/engine/solvers/rod_solver.py", line 1530, in _kernel_finalize_rest_states:
            self.vertices_param[i_global, i_b].mu_k = kinetic_friction
            ^^^^^^^^^^^^^^^^^^^^^^^^^^^^^^^^^^^^^^^^^^^^^^^^^^^^^^^^^^
Assign may lose precision: f32 <- f64
[W 07/07/26 03:01:34.099 4149913] QuadrantsWarning
While compiling `_kernel_finalize_rest_states_c970_1`, File "/home/simx2204/Workspaces/DGCC/external/DLO-Lab/genesis/engine/solvers/rod_solver.py", line 1531, in _kernel_finalize_rest_states:
            self.vertices_param[i_global, i_b].restitution = restitution
            ^^^^^^^^^^^^^^^^^^^^^^^^^^^^^^^^^^^^^^^^^^^^^^^^^^^^^^^^^^^^
Assign may lose precision: f32 <- f64
[38;5;226m[Genesis] [03:01:37] [WARNING] Manually setting element positions. This is not recommended and could break gradient flow.[0m
[38;5;226m[Genesis] [03:01:37] [WARNING] Manually setting element velocities. This is not recommended and could break gradient flow.[0m
[38;5;226m[Genesis] [03:01:41] [WARNING] Manually setting element positions. This is not recommended and could break gradient flow.[0m
[38;5;226m[Genesis] [03:01:41] [WARNING] Manually setting element velocities. This is not recommended and could break gradient flow.[0m
[38;5;226m[Genesis] [03:02:57] [WARNING] Manually setting element positions. This is not recommended and could break gradient flow.[0m
[38;5;226m[Genesis] [03:02:57] [WARNING] Manually setting element velocities. This is not recommended and could break gradient flow.[0m
[38;5;226m[Genesis] [03:03:37] [WARNING] Manually setting element positions. This is not recommended and could break gradient flow.[0m
[38;5;226m[Genesis] [03:03:37] [WARNING] Manually setting element velocities. This is not recommended and could break gradient flow.[0m
[38;5;226m[Genesis] [03:04:17] [WARNING] Manually setting element positions. This is not recommended and could break gradient flow.[0m
[38;5;226m[Genesis] [03:04:17] [WARNING] Manually setting element velocities. This is not recommended and could break gradient flow.[0m
[38;5;226m[Genesis] [03:04:57] [WARNING] Manually setting element positions. This is not recommended and could break gradient flow.[0m
[38;5;226m[Genesis] [03:04:57] [WARNING] Manually setting element velocities. This is not recommended and could break gradient flow.[0m
[38;5;226m[Genesis] [03:05:37] [WARNING] Manually setting element positions. This is not recommended and could break gradient flow.[0m
[38;5;226m[Genesis] [03:05:37] [WARNING] Manually setting element velocities. This is not recommended and could break gradient flow.[0m
[38;5;226m[Genesis] [03:06:18] [WARNING] Manually setting element positions. This is not recommended and could break gradient flow.[0m
[38;5;226m[Genesis] [03:06:18] [WARNING] Manually setting element velocities. This is not recommended and could break gradient flow.[0m
[38;5;226m[Genesis] [03:06:58] [WARNING] Manually setting element positions. This is not recommended and could break gradient flow.[0m
[38;5;226m[Genesis] [03:06:58] [WARNING] Manually setting element velocities. This is not recommended and could break gradient flow.[0m
[38;5;226m[Genesis] [03:06:58] [WARNING] Manually setting element positions. This is not recommended and could break gradient flow.[0m
[38;5;226m[Genesis] [03:06:58] [WARNING] Manually setting element velocities. This is not recommended and could break gradient flow.[0m
probe n_envs=1024 transitions_per_s=21.870 mean_s_per_round=46.82 grasp_success_rate=0.950 settle_convergence_rate=0.926
recommended n_envs=1024 transitions_per_s=21.870
wrote outputs/metrics/p1_throughput_m4.json and outputs/reports/p1_throughput_m4.md
