p1_train start 2026-07-17T20:11:09Z run_tag=t1a_sprint_smoke_s0 task=t1a_straighten seed=0 total=10000 n_envs=1024 device=cuda
td3={'gamma': 0.95, 'tau': 0.005, 'lr': 0.0003, 'batch_size': 256, 'replay_capacity': 500000, 'utd': 1, 'warmup_transitions': 10240, 'grad_clip': 10.0, 'huber_delta': 1.0, 'policy_noise': 0.05, 'noise_clip': 0.1, 'exploration_p1_train start 2026-07-17T20:11:09Z run_tag=t1a_sprint_smoke_s0 task=t1a_straighten seed=0 total=10000 n_envs=1024 device=cuda
td3={'gamma': 0.95, 'tau': 0.005, 'lr': 0.0003, 'batch_size': 256, 'replay_capacity': 500000, 'utd': 1, 'warmup_transitions': 10240, 'grad_clip': 10.0, 'huber_delta': 1.0, 'policy_noise': 0.05, 'noise_clip': 0.1, 'exploration_u_sigma': 0.03, 'eps_p_start': 1.0, 'eps_p_end': 0.1, 'eps_p_fraction': 0.3} rewa[38;5;226m[Genesis] [05:11:13] [WARNING] Manually setting element velocities. This is not recommended and could break gradient flow.[0m
[38;5;226m[Genesis] [05:11:16] [WARNING] Manually setting element positions. This is not recommended and could break gradient flow.[0m
[38;5;226m[Genesis] [05:11:16] [WARNING] Manually setting element velocities. This is not recommended and could break gradient flow.[0m
[38;5;226m[Genesis] [05:12:34] [WARNING] Manually setting element positions. This is not recommended and could break gradient flow.[0m
[38;5;226m[Genesis] [05:12:34] [WARNING] Manually setting element velocities. This is not recommended and could break gradient flow.[0m
[38;5;226m[Genesis] [05:12:34] [WARNING] Manually setting element positions. This is not recommended and could break gradient flow.[0m
[38;5;226m[Genesis] [05:12:34] [WARNING] Manually setting element velocities. This is not recommended and could break gradient flow.[0m
[38;5;226m[Genesis] [05:13:51] [WARNING] Manually setting element positions. This is not recommended and could break gradient flow.[0m
[38;5;226m[Genesis] [05:13:51] [WARNING] Manually setting element velocities. This is not recommended and could break gradient flow.[0m
[38;5;226m[Genesis] [05:13:51] [WARNING] Manually setting element positions. This is not recommended and could break gradient flow.[0m
[38;5;226m[Genesis] [05:13:51] [WARNING] Manually setting element velocities. This is not recommended and could break gradient flow.[0m
[38;5;226m[Genesis] [05:15:08] [WARNING] Manually setting element positions. This is not recommended and could break gradient flow.[0m
[38;5;226m[Genesis] [05:15:08] [WARNING] Manually setting element velocities. This is not recommended and could break gradient flow.[0m
[38;5;226m[Genesis] [05:15:08] [WARNING] Manually setting element positions. This is not recommended and could break gradient flow.[0m
[38;5;226m[Genesis] [05:15:08] [WARNING] Manually setting element velocities. This is not recommended and could break gradient flow.[0m
[38;5;226m[Genesis] [05:16:25] [WARNING] Manually setting element positions. This is not recommended and could break gradient flow.[0m
[38;5;226m[Genesis] [05:16:25] [WARNING] Manually setting element velocities. This is not recommended and could break gradient flow.[0m
[38;5;226m[Genesis] [05:16:25] [WARNING] Manually setting element positions. This is not recommended and could break gradient flow.[0m
[38;5;226m[Genesis] [05:16:25] [WARNING] Manually setting element velocities. This is not recommended and could break gradient flow.[0m
[38;5;226m[Genesis] [05:17:42] [WARNING] Manually setting element positions. This is not recommended and could break gradient flow.[0m
[38;5;226m[Genesis] [05:17:42] [WARNING] Manually setting element velocities. This is not recommended and could break gradient flow.[0m
[38;5;226m[Genesis] [05:17:42] [WARNING] Manually setting element positions. This is not recommended and could break gradient flow.[0m
[38;5;226m[Genesis] [05:17:42] [WARNING] Manually setting element velocities. This is not recommended and could break gradient flow.[0m
[38;5;226m[Genesis] [05:18:59] [WARNING] Manually setting element positions. This is not recommended and could break gradient flow.[0m
[38;5;226m[Genesis] [05:19:00] [WARNING] Manually setting element velocities. This is not recommended and could break gradient flow.[0m
[38;5;226m[Genesis] [05:19:39] [WARNING] Manually setting element positions. This is not recommended and could break gradient flow.[0m
[38;5;226m[Genesis] [05:19:39] [WARNING] Manually setting element velocities. This is not recommended and could break gradient flow.[0m
[38;5;226m[Genesis] [05:20:18] [WARNING] Manually setting element positions. This is not recommended and could break gradient flow.[0m
[38;5;226m[Genesis] [05:20:18] [WARNING] Manually setting element velocities. This is not recommended and could break gradient flow.[0m
[38;5;226m[Genesis] [05:20:57] [WARNING] Manually setting element positions. This is not recommended and could break gradient flow.[0m
[38;5;226m[Genesis] [05:20:57] [WARNING] Manually setting element velocities. This is not recommended and could break gradient flow.[0m
[38;5;226m[Genesis] [05:21:36] [WARNING] Manually setting element positions. This is not recommended and could break gradient flow.[0m
[38;5;226m[Genesis] [05:21:36] [WARNING] Manually setting element velocities. This is not recommended and could break gradient flow.[0m
[38;5;226m[Genesis] [05:21:37] [WARNING] Manually setting element positions. This is not recommended and could break gradient flow.[0m
[38;5;226m[Genesis] [05:21:37] [WARNING] Manually setting element velocities. This is not recommended and could break gradient flow.[0m
[38;5;226m[Genesis] [05:22:23] [WARNING] Manually setting element positions. This is not recommended and could break gradient flow.[0m
[38;5;226m[Genesis] [05:22:23] [WARNING] Manually setting element velocities. This is not recommended and could break gradient flow.[0m
[38;5;226m[Genesis] [05:23:40] [WARNING] Manually setting element positions. This is not recommended and could break gradient flow.[0m
[38;5;226m[Genesis] [05:23:40] [WARNING] Manually setting element velocities. This is not recommended and could break gradient flow.[0m
[38;5;226m[Genesis] [05:24:19] [WARNING] Manually setting element positions. This is not recommended and could break gradient flow.[0m
[38;5;226m[Genesis] [05:24:19] [WARNING] Manually setting element velocities. This is not recommended and could break gradient flow.[0m
[38;5;226m[Genesis] [05:24:58] [WARNING] Manually setting element positions. This is not recommended and could break gradient flow.[0m
[38;5;226m[Genesis] [05:24:58] [WARNING] Manually setting element velocities. This is not recommended and could break gradient flow.[0m
[38;5;226m[Genesis] [05:25:37] [WARNING] Manually setting element positions. This is not recommended and could break gradient flow.[0m
[38;5;226m[Genesis] [05:25:37] [WARNING] Manually setting element velocities. This is not recommended and could break gradient flow.[0m
[38;5;226m[Genesis] [05:26:16] [WARNING] Manually setting element positions. This is not recommended and could break gradient flow.[0m
[38;5;226m[Genesis] [05:26:16] [WARNING] Manually setting element velocities. This is not recommended and could break gradient flow.[0m
[38;5;226m[Genesis] [05:26:55] [WARNING] Manually setting element positions. This is not recommended and could break gradient flow.[0m
[38;5;226m[Genesis] [05:26:55] [WARNING] Manually setting element velocities. This is not recommended and could break gradient flow.[0m
[38;5;226m[Genesis] [05:27:34] [WARNING] Manually setting element positions. This is not recommended and could break gradient flow.[0m
[38;5;226m[Genesis] [05:27:34] [WARNING] Manually setting element velocities. This is not recommended and could break gradient flow.[0m
[38;5;226m[Genesis] [05:28:12] [WARNING] Manually setting element positions. This is not recommended and could break gradient flow.[0m
[38;5;226m[Genesis] [05:28:12] [WARNING] Manually setting element velocities. This is not recommended and could break gradient flow.[0m
[38;5;226m[Genesis] [05:28:51] [WARNING] Manually setting element positions. This is not recommended and could break gradient flow.[0m
[38;5;226m[Genesis] [05:28:51] [WARNING] Manually setting element velocities. This is not recommended and could break gradient flow.[0m
[38;5;226m[Genesis] [05:29:30] [WARNING] Manually setting element positions. This is not recommended and could break gradient flow.[0m
[38;5;226m[Genesis] [05:29:30] [WARNING] Manually setting element velocities. This is not recommended and could break gradient flow.[0m
raw final-eval trajectories: outputs/metrics/p1_raw_final_eval_t1a_sprint_smoke_s0_0010240.json.gz
eval transitions=10240 success=0.290 return=0.535 final_d=0.1361 overest_gap=-0.39815426395358655 wall_s=428
new best checkpoint at 10240 (success=0.290)
[38;5;226m[Genesis] [05:29:31] [WARNING] Manually setting element positions. This is not recommended and could break gradient flow.[0m
[38;5;226m[Genesis] [05:29:31] [WARNING] Manually setting element velocities. This is not recommended and could break gradient flow.[0m
run complete transitions=10240 updates=1024 wall_h=0.32 nan_env=0 mag=0 rebuilds=0
tories: outputs/metrics/p1_raw_final_eval_t1a_sprint_smoke_s0_0010240.json.gz
eval transitions=10240 success=0.290 return=0.535 final_d=0.1361 overest_gap=-0.39815426395358655 wall_s=428
new best checkpoint at 10240 (success=0.290)
[38;5;226m[Genesis] [05:29:31] [WARNING] Manually setting element positions. This is not recommended and could break gradient flow.[0m
[38;5;226m[Genesis] [05:29:31] [WARNING] Manually setting element velocities. This is not recommended and could break gradient flow.[0m
run complete transitions=10240 updates=1024 wall_h=0.32 nan_env=0 mag=0 rebuilds=0
